{"/media/becky/fbb95933-6bf3-476c-ad04-81ce8356b618/yenege/zion-website/src/Components/admin/AdminPanel.tsx": {"path":"/media/becky/fbb95933-6bf3-476c-ad04-81ce8356b618/yenege/zion-website/src/Components/admin/AdminPanel.tsx","statementMap":{"0":{"start":{"line":33,"column":16},"end":{"line":46,"column":1}},"1":{"start":{"line":34,"column":19},"end":{"line":38,"column":4}},"2":{"start":{"line":40,"column":2},"end":{"line":43,"column":3}},"3":{"start":{"line":41,"column":22},"end":{"line":41,"column":43}},"4":{"start":{"line":42,"column":4},"end":{"line":42,"column":65}},"5":{"start":{"line":45,"column":2},"end":{"line":45,"column":25}},"6":{"start":{"line":48,"column":19},"end":{"line":181,"column":1}},"7":{"start":{"line":49,"column":53},"end":{"line":49,"column":67}},"8":{"start":{"line":50,"column":36},"end":{"line":50,"column":57}},"9":{"start":{"line":51,"column":44},"end":{"line":51,"column":59}},"10":{"start":{"line":52,"column":19},"end":{"line":52,"column":32}},"11":{"start":{"line":54,"column":88},"end":{"line":57,"column":3}},"12":{"start":{"line":56,"column":22},"end":{"line":56,"column":41}},"13":{"start":{"line":59,"column":94},"end":{"line":62,"column":3}},"14":{"start":{"line":61,"column":22},"end":{"line":61,"column":41}},"15":{"start":{"line":64,"column":2},"end":{"line":70,"column":48}},"16":{"start":{"line":65,"column":4},"end":{"line":69,"column":5}},"17":{"start":{"line":66,"column":6},"end":{"line":68,"column":7}},"18":{"start":{"line":67,"column":8},"end":{"line":67,"column":35}},"19":{"start":{"line":72,"column":23},"end":{"line":75,"column":3}},"20":{"start":{"line":73,"column":4},"end":{"line":73,"column":38}},"21":{"start":{"line":74,"column":4},"end":{"line":74,"column":23}},"22":{"start":{"line":77,"column":24},"end":{"line":79,"column":3}},"23":{"start":{"line":78,"column":4},"end":{"line":78,"column":104}},"24":{"start":{"line":81,"column":2},"end":{"line":81,"column":91}},"25":{"start":{"line":81,"column":65},"end":{"line":81,"column":91}},"26":{"start":{"line":83,"column":2},"end":{"line":83,"column":157}},"27":{"start":{"line":83,"column":42},"end":{"line":83,"column":157}},"28":{"start":{"line":85,"column":23},"end":{"line":93,"column":67}},"29":{"start":{"line":93,"column":18},"end":{"line":93,"column":66}},"30":{"start":{"line":95,"column":2},"end":{"line":180,"column":4}},"31":{"start":{"line":98,"column":23},"end":{"line":98,"column":55}},"32":{"start":{"line":111,"column":25},"end":{"line":111,"column":48}},"33":{"start":{"line":138,"column":24},"end":{"line":138,"column":71}},"34":{"start":{"line":157,"column":26},"end":{"line":161,"column":31}}},"fnMap":{"0":{"name":"(anonymous_0)","decl":{"start":{"line":33,"column":16},"end":{"line":33,"column":17}},"loc":{"start":{"line":33,"column":54},"end":{"line":46,"column":1}},"line":33},"1":{"name":"(anonymous_1)","decl":{"start":{"line":48,"column":19},"end":{"line":48,"column":20}},"loc":{"start":{"line":48,"column":25},"end":{"line":181,"column":1}},"line":48},"2":{"name":"(anonymous_2)","decl":{"start":{"line":56,"column":4},"end":{"line":56,"column":5}},"loc":{"start":{"line":56,"column":22},"end":{"line":56,"column":41}},"line":56},"3":{"name":"(anonymous_3)","decl":{"start":{"line":61,"column":4},"end":{"line":61,"column":5}},"loc":{"start":{"line":61,"column":22},"end":{"line":61,"column":41}},"line":61},"4":{"name":"(anonymous_4)","decl":{"start":{"line":64,"column":12},"end":{"line":64,"column":13}},"loc":{"start":{"line":64,"column":18},"end":{"line":70,"column":3}},"line":64},"5":{"name":"(anonymous_5)","decl":{"start":{"line":72,"column":23},"end":{"line":72,"column":24}},"loc":{"start":{"line":72,"column":35},"end":{"line":75,"column":3}},"line":72},"6":{"name":"(anonymous_6)","decl":{"start":{"line":77,"column":24},"end":{"line":77,"column":25}},"loc":{"start":{"line":77,"column":48},"end":{"line":79,"column":3}},"line":77},"7":{"name":"(anonymous_7)","decl":{"start":{"line":93,"column":11},"end":{"line":93,"column":12}},"loc":{"start":{"line":93,"column":18},"end":{"line":93,"column":66}},"line":93},"8":{"name":"(anonymous_8)","decl":{"start":{"line":98,"column":17},"end":{"line":98,"column":18}},"loc":{"start":{"line":98,"column":23},"end":{"line":98,"column":55}},"line":98},"9":{"name":"(anonymous_9)","decl":{"start":{"line":111,"column":19},"end":{"line":111,"column":20}},"loc":{"start":{"line":111,"column":25},"end":{"line":111,"column":48}},"line":111},"10":{"name":"(anonymous_10)","decl":{"start":{"line":137,"column":51},"end":{"line":137,"column":52}},"loc":{"start":{"line":138,"column":24},"end":{"line":138,"column":71}},"line":138},"11":{"name":"(anonymous_11)","decl":{"start":{"line":156,"column":60},"end":{"line":156,"column":61}},"loc":{"start":{"line":157,"column":26},"end":{"line":161,"column":31}},"line":157}},"branchMap":{"0":{"loc":{"start":{"line":40,"column":2},"end":{"line":43,"column":3}},"type":"if","locations":[{"start":{"line":40,"column":2},"end":{"line":43,"column":3}},{"start":{},"end":{}}],"line":40},"1":{"loc":{"start":{"line":42,"column":20},"end":{"line":42,"column":63}},"type":"binary-expr","locations":[{"start":{"line":42,"column":20},"end":{"line":42,"column":37}},{"start":{"line":42,"column":41},"end":{"line":42,"column":63}}],"line":42},"2":{"loc":{"start":{"line":55,"column":4},"end":{"line":55,"column":92}},"type":"cond-expr","locations":[{"start":{"line":55,"column":28},"end":{"line":55,"column":85}},{"start":{"line":55,"column":88},"end":{"line":55,"column":92}}],"line":55},"3":{"loc":{"start":{"line":60,"column":4},"end":{"line":60,"column":96}},"type":"cond-expr","locations":[{"start":{"line":60,"column":28},"end":{"line":60,"column":89}},{"start":{"line":60,"column":92},"end":{"line":60,"column":96}}],"line":60},"4":{"loc":{"start":{"line":65,"column":4},"end":{"line":69,"column":5}},"type":"if","locations":[{"start":{"line":65,"column":4},"end":{"line":69,"column":5}},{"start":{},"end":{}}],"line":65},"5":{"loc":{"start":{"line":66,"column":6},"end":{"line":68,"column":7}},"type":"if","locations":[{"start":{"line":66,"column":6},"end":{"line":68,"column":7}},{"start":{},"end":{}}],"line":66},"6":{"loc":{"start":{"line":66,"column":10},"end":{"line":66,"column":84}},"type":"binary-expr","locations":[{"start":{"line":66,"column":10},"end":{"line":66,"column":18}},{"start":{"line":66,"column":23},"end":{"line":66,"column":48}},{"start":{"line":66,"column":52},"end":{"line":66,"column":83}}],"line":66},"7":{"loc":{"start":{"line":78,"column":11},"end":{"line":78,"column":103}},"type":"binary-expr","locations":[{"start":{"line":78,"column":11},"end":{"line":78,"column":42}},{"start":{"line":78,"column":47},"end":{"line":78,"column":62}},{"start":{"line":78,"column":66},"end":{"line":78,"column":102}}],"line":78},"8":{"loc":{"start":{"line":81,"column":2},"end":{"line":81,"column":91}},"type":"if","locations":[{"start":{"line":81,"column":2},"end":{"line":81,"column":91}},{"start":{},"end":{}}],"line":81},"9":{"loc":{"start":{"line":81,"column":6},"end":{"line":81,"column":63}},"type":"binary-expr","locations":[{"start":{"line":81,"column":6},"end":{"line":81,"column":17}},{"start":{"line":81,"column":21},"end":{"line":81,"column":39}},{"start":{"line":81,"column":43},"end":{"line":81,"column":63}}],"line":81},"10":{"loc":{"start":{"line":83,"column":2},"end":{"line":83,"column":157}},"type":"if","locations":[{"start":{"line":83,"column":2},"end":{"line":83,"column":157}},{"start":{},"end":{}}],"line":83},"11":{"loc":{"start":{"line":83,"column":6},"end":{"line":83,"column":40}},"type":"binary-expr","locations":[{"start":{"line":83,"column":6},"end":{"line":83,"column":20}},{"start":{"line":83,"column":24},"end":{"line":83,"column":40}}],"line":83},"12":{"loc":{"start":{"line":83,"column":65},"end":{"line":83,"column":152}},"type":"binary-expr","locations":[{"start":{"line":83,"column":65},"end":{"line":83,"column":88}},{"start":{"line":83,"column":92},"end":{"line":83,"column":117}},{"start":{"line":83,"column":121},"end":{"line":83,"column":152}}],"line":83},"13":{"loc":{"start":{"line":92,"column":8},"end":{"line":92,"column":90}},"type":"cond-expr","locations":[{"start":{"line":92,"column":42},"end":{"line":92,"column":85}},{"start":{"line":92,"column":88},"end":{"line":92,"column":90}}],"line":92},"14":{"loc":{"start":{"line":93,"column":18},"end":{"line":93,"column":66}},"type":"binary-expr","locations":[{"start":{"line":93,"column":18},"end":{"line":93,"column":33}},{"start":{"line":93,"column":37},"end":{"line":93,"column":66}}],"line":93},"15":{"loc":{"start":{"line":123,"column":13},"end":{"line":170,"column":13}},"type":"binary-expr","locations":[{"start":{"line":123,"column":13},"end":{"line":123,"column":38}},{"start":{"line":123,"column":42},"end":{"line":123,"column":55}},{"start":{"line":123,"column":59},"end":{"line":123,"column":94}},{"start":{"line":124,"column":14},"end":{"line":169,"column":20}}],"line":123},"16":{"loc":{"start":{"line":145,"column":17},"end":{"line":168,"column":17}},"type":"cond-expr","locations":[{"start":{"line":146,"column":18},"end":{"line":165,"column":24}},{"start":{"line":167,"column":18},"end":{"line":167,"column":85}}],"line":145},"17":{"loc":{"start":{"line":157,"column":59},"end":{"line":157,"column":118}},"type":"cond-expr","locations":[{"start":{"line":157,"column":77},"end":{"line":157,"column":97}},{"start":{"line":157,"column":100},"end":{"line":157,"column":118}}],"line":157},"18":{"loc":{"start":{"line":171,"column":13},"end":{"line":171,"column":110}},"type":"binary-expr","locations":[{"start":{"line":171,"column":13},"end":{"line":171,"column":41}},{"start":{"line":171,"column":45},"end":{"line":171,"column":85}},{"start":{"line":171,"column":89},"end":{"line":171,"column":110}}],"line":171},"19":{"loc":{"start":{"line":172,"column":13},"end":{"line":172,"column":109}},"type":"binary-expr","locations":[{"start":{"line":172,"column":13},"end":{"line":172,"column":39}},{"start":{"line":172,"column":43},"end":{"line":172,"column":82}},{"start":{"line":172,"column":86},"end":{"line":172,"column":109}}],"line":172},"20":{"loc":{"start":{"line":173,"column":13},"end":{"line":173,"column":108}},"type":"binary-expr","locations":[{"start":{"line":173,"column":13},"end":{"line":173,"column":42}},{"start":{"line":173,"column":46},"end":{"line":173,"column":79}},{"start":{"line":173,"column":83},"end":{"line":173,"column":108}}],"line":173},"21":{"loc":{"start":{"line":174,"column":13},"end":{"line":174,"column":98}},"type":"binary-expr","locations":[{"start":{"line":174,"column":13},"end":{"line":174,"column":36}},{"start":{"line":174,"column":40},"end":{"line":174,"column":80}},{"start":{"line":174,"column":84},"end":{"line":174,"column":98}}],"line":174},"22":{"loc":{"start":{"line":175,"column":13},"end":{"line":175,"column":113}},"type":"binary-expr","locations":[{"start":{"line":175,"column":13},"end":{"line":175,"column":46}},{"start":{"line":175,"column":50},"end":{"line":175,"column":88}},{"start":{"line":175,"column":92},"end":{"line":175,"column":113}}],"line":175}},"s":{"0":1,"1":0,"2":0,"3":0,"4":0,"5":0,"6":1,"7":1,"8":1,"9":1,"10":1,"11":1,"12":0,"13":1,"14":0,"15":1,"16":1,"17":1,"18":0,"19":1,"20":0,"21":0,"22":1,"23":7,"24":1,"25":0,"26":1,"27":0,"28":1,"29":6,"30":1,"31":0,"32":0,"33":0,"34":0},"f":{"0":0,"1":1,"2":0,"3":0,"4":1,"5":0,"6":7,"7":6,"8":0,"9":0,"10":0,"11":0},"b":{"0":[0,0],"1":[0,0],"2":[1,0],"3":[1,0],"4":[1,0],"5":[0,1],"6":[1,1,0],"7":[7,7,7],"8":[0,1],"9":[1,1,1],"10":[0,1],"11":[1,1],"12":[0,0,0],"13":[0,1],"14":[6,6],"15":[1,1,1,1],"16":[0,1],"17":[0,0],"18":[1,0,0],"19":[1,0,0],"20":[1,0,0],"21":[1,0,0],"22":[1,0,0]},"_coverageSchema":"1a1c01bbd47fc00a2c39e90264f33305004495a9","hash":"6626f28b31a884f18e4863684ddce5cd858834d1"}
,"/media/becky/fbb95933-6bf3-476c-ad04-81ce8356b618/yenege/zion-website/src/Components/admin/CafeOwnerManagement.tsx": {"path":"/media/becky/fbb95933-6bf3-476c-ad04-81ce8356b618/yenege/zion-website/src/Components/admin/CafeOwnerManagement.tsx","statementMap":{"0":{"start":{"line":4,"column":31},"end":{"line":12,"column":1}},"1":{"start":{"line":5,"column":20},"end":{"line":5,"column":94}},"2":{"start":{"line":6,"column":19},"end":{"line":6,"column":21}},"3":{"start":{"line":7,"column":4},"end":{"line":10,"column":5}},"4":{"start":{"line":7,"column":17},"end":{"line":7,"column":18}},"5":{"start":{"line":8,"column":28},"end":{"line":8,"column":70}},"6":{"start":{"line":9,"column":8},"end":{"line":9,"column":41}},"7":{"start":{"line":11,"column":4},"end":{"line":11,"column":20}},"8":{"start":{"line":14,"column":28},"end":{"line":165,"column":1}},"9":{"start":{"line":15,"column":28},"end":{"line":15,"column":40}},"10":{"start":{"line":16,"column":30},"end":{"line":16,"column":42}},"11":{"start":{"line":17,"column":30},"end":{"line":17,"column":44}},"12":{"start":{"line":18,"column":34},"end":{"line":18,"column":48}},"13":{"start":{"line":19,"column":48},"end":{"line":19,"column":60}},"14":{"start":{"line":21,"column":4},"end":{"line":23,"column":11}},"15":{"start":{"line":22,"column":8},"end":{"line":22,"column":26}},"16":{"start":{"line":25,"column":28},"end":{"line":37,"column":5}},"17":{"start":{"line":26,"column":8},"end":{"line":36,"column":9}},"18":{"start":{"line":27,"column":36},"end":{"line":30,"column":58}},"19":{"start":{"line":32,"column":12},"end":{"line":32,"column":35}},"20":{"start":{"line":32,"column":23},"end":{"line":32,"column":35}},"21":{"start":{"line":33,"column":12},"end":{"line":33,"column":36}},"22":{"start":{"line":35,"column":12},"end":{"line":35,"column":69}},"23":{"start":{"line":39,"column":31},"end":{"line":70,"column":5}},"24":{"start":{"line":40,"column":8},"end":{"line":40,"column":27}},"25":{"start":{"line":41,"column":8},"end":{"line":41,"column":23}},"26":{"start":{"line":42,"column":8},"end":{"line":42,"column":25}},"27":{"start":{"line":44,"column":25},"end":{"line":44,"column":51}},"28":{"start":{"line":46,"column":67},"end":{"line":50,"column":21}},"29":{"start":{"line":52,"column":8},"end":{"line":55,"column":9}},"30":{"start":{"line":53,"column":12},"end":{"line":53,"column":67}},"31":{"start":{"line":54,"column":12},"end":{"line":54,"column":19}},"32":{"start":{"line":56,"column":8},"end":{"line":69,"column":9}},"33":{"start":{"line":57,"column":36},"end":{"line":59,"column":52}},"34":{"start":{"line":61,"column":12},"end":{"line":61,"column":35}},"35":{"start":{"line":61,"column":23},"end":{"line":61,"column":35}},"36":{"start":{"line":63,"column":12},"end":{"line":63,"column":24}},"37":{"start":{"line":64,"column":12},"end":{"line":64,"column":25}},"38":{"start":{"line":65,"column":12},"end":{"line":65,"column":57}},"39":{"start":{"line":66,"column":12},"end":{"line":66,"column":30}},"40":{"start":{"line":68,"column":12},"end":{"line":68,"column":66}},"41":{"start":{"line":72,"column":4},"end":{"line":164,"column":6}},"42":{"start":{"line":89,"column":49},"end":{"line":89,"column":72}},"43":{"start":{"line":100,"column":49},"end":{"line":100,"column":73}},"44":{"start":{"line":143,"column":36},"end":{"line":149,"column":41}}},"fnMap":{"0":{"name":"(anonymous_0)","decl":{"start":{"line":4,"column":31},"end":{"line":4,"column":32}},"loc":{"start":{"line":4,"column":43},"end":{"line":12,"column":1}},"line":4},"1":{"name":"(anonymous_1)","decl":{"start":{"line":14,"column":28},"end":{"line":14,"column":29}},"loc":{"start":{"line":14,"column":34},"end":{"line":165,"column":1}},"line":14},"2":{"name":"(anonymous_2)","decl":{"start":{"line":21,"column":14},"end":{"line":21,"column":15}},"loc":{"start":{"line":21,"column":20},"end":{"line":23,"column":5}},"line":21},"3":{"name":"(anonymous_3)","decl":{"start":{"line":25,"column":28},"end":{"line":25,"column":29}},"loc":{"start":{"line":25,"column":40},"end":{"line":37,"column":5}},"line":25},"4":{"name":"(anonymous_4)","decl":{"start":{"line":39,"column":31},"end":{"line":39,"column":32}},"loc":{"start":{"line":39,"column":44},"end":{"line":70,"column":5}},"line":39},"5":{"name":"(anonymous_5)","decl":{"start":{"line":89,"column":42},"end":{"line":89,"column":43}},"loc":{"start":{"line":89,"column":49},"end":{"line":89,"column":72}},"line":89},"6":{"name":"(anonymous_6)","decl":{"start":{"line":100,"column":42},"end":{"line":100,"column":43}},"loc":{"start":{"line":100,"column":49},"end":{"line":100,"column":73}},"line":100},"7":{"name":"(anonymous_7)","decl":{"start":{"line":142,"column":52},"end":{"line":142,"column":53}},"loc":{"start":{"line":143,"column":36},"end":{"line":149,"column":41}},"line":143}},"branchMap":{"0":{"loc":{"start":{"line":32,"column":12},"end":{"line":32,"column":35}},"type":"if","locations":[{"start":{"line":32,"column":12},"end":{"line":32,"column":35}},{"start":{},"end":{}}],"line":32},"1":{"loc":{"start":{"line":52,"column":8},"end":{"line":55,"column":9}},"type":"if","locations":[{"start":{"line":52,"column":8},"end":{"line":55,"column":9}},{"start":{},"end":{}}],"line":52},"2":{"loc":{"start":{"line":61,"column":12},"end":{"line":61,"column":35}},"type":"if","locations":[{"start":{"line":61,"column":12},"end":{"line":61,"column":35}},{"start":{},"end":{}}],"line":61},"3":{"loc":{"start":{"line":115,"column":21},"end":{"line":119,"column":21}},"type":"binary-expr","locations":[{"start":{"line":115,"column":21},"end":{"line":115,"column":26}},{"start":{"line":116,"column":24},"end":{"line":118,"column":30}}],"line":115},"4":{"loc":{"start":{"line":120,"column":21},"end":{"line":124,"column":21}},"type":"binary-expr","locations":[{"start":{"line":120,"column":21},"end":{"line":120,"column":28}},{"start":{"line":121,"column":24},"end":{"line":123,"column":30}}],"line":120},"5":{"loc":{"start":{"line":151,"column":33},"end":{"line":157,"column":33}},"type":"binary-expr","locations":[{"start":{"line":151,"column":33},"end":{"line":151,"column":60}},{"start":{"line":152,"column":36},"end":{"line":156,"column":41}}],"line":151}},"s":{"0":1,"1":0,"2":0,"3":0,"4":0,"5":0,"6":0,"7":0,"8":1,"9":0,"10":0,"11":0,"12":0,"13":0,"14":0,"15":0,"16":0,"17":0,"18":0,"19":0,"20":0,"21":0,"22":0,"23":0,"24":0,"25":0,"26":0,"27":0,"28":0,"29":0,"30":0,"31":0,"32":0,"33":0,"34":0,"35":0,"36":0,"37":0,"38":0,"39":0,"40":0,"41":0,"42":0,"43":0,"44":0},"f":{"0":0,"1":0,"2":0,"3":0,"4":0,"5":0,"6":0,"7":0},"b":{"0":[0,0],"1":[0,0],"2":[0,0],"3":[0,0],"4":[0,0],"5":[0,0]},"_coverageSchema":"1a1c01bbd47fc00a2c39e90264f33305004495a9","hash":"6b618d2611607ec24926327bddaf8d2187c828a5"}
,"/media/becky/fbb95933-6bf3-476c-ad04-81ce8356b618/yenege/zion-website/src/Components/admin/CertificatesTable.tsx": {"path":"/media/becky/fbb95933-6bf3-476c-ad04-81ce8356b618/yenege/zion-website/src/Components/admin/CertificatesTable.tsx","statementMap":{"0":{"start":{"line":6,"column":23},"end":{"line":6,"column":25}},"1":{"start":{"line":8,"column":26},"end":{"line":168,"column":1}},"2":{"start":{"line":9,"column":42},"end":{"line":9,"column":54}},"3":{"start":{"line":10,"column":36},"end":{"line":10,"column":50}},"4":{"start":{"line":11,"column":28},"end":{"line":11,"column":42}},"5":{"start":{"line":12,"column":26},"end":{"line":12,"column":37}},"6":{"start":{"line":13,"column":38},"end":{"line":13,"column":49}},"7":{"start":{"line":15,"column":2},"end":{"line":35,"column":13}},"8":{"start":{"line":16,"column":30},"end":{"line":33,"column":5}},"9":{"start":{"line":17,"column":6},"end":{"line":17,"column":25}},"10":{"start":{"line":18,"column":6},"end":{"line":32,"column":7}},"11":{"start":{"line":19,"column":39},"end":{"line":22,"column":72}},"12":{"start":{"line":24,"column":8},"end":{"line":24,"column":31}},"13":{"start":{"line":24,"column":19},"end":{"line":24,"column":31}},"14":{"start":{"line":26,"column":8},"end":{"line":26,"column":30}},"15":{"start":{"line":27,"column":8},"end":{"line":27,"column":57}},"16":{"start":{"line":29,"column":8},"end":{"line":29,"column":30}},"17":{"start":{"line":31,"column":8},"end":{"line":31,"column":28}},"18":{"start":{"line":34,"column":4},"end":{"line":34,"column":24}},"19":{"start":{"line":37,"column":27},"end":{"line":50,"column":3}},"20":{"start":{"line":38,"column":22},"end":{"line":41,"column":19}},"21":{"start":{"line":43,"column":4},"end":{"line":49,"column":5}},"22":{"start":{"line":44,"column":6},"end":{"line":44,"column":58}},"23":{"start":{"line":46,"column":6},"end":{"line":48,"column":9}},"24":{"start":{"line":47,"column":8},"end":{"line":47,"column":65}},"25":{"start":{"line":52,"column":2},"end":{"line":52,"column":43}},"26":{"start":{"line":52,"column":17},"end":{"line":52,"column":43}},"27":{"start":{"line":53,"column":2},"end":{"line":53,"column":46}},"28":{"start":{"line":53,"column":13},"end":{"line":53,"column":46}},"29":{"start":{"line":55,"column":2},"end":{"line":167,"column":4}},"30":{"start":{"line":80,"column":14},"end":{"line":105,"column":19}},"31":{"start":{"line":95,"column":35},"end":{"line":95,"column":71}},"32":{"start":{"line":120,"column":27},"end":{"line":120,"column":44}},"33":{"start":{"line":127,"column":27},"end":{"line":127,"column":44}},"34":{"start":{"line":143,"column":31},"end":{"line":143,"column":48}},"35":{"start":{"line":153,"column":31},"end":{"line":153,"column":48}}},"fnMap":{"0":{"name":"(anonymous_0)","decl":{"start":{"line":8,"column":26},"end":{"line":8,"column":27}},"loc":{"start":{"line":8,"column":32},"end":{"line":168,"column":1}},"line":8},"1":{"name":"(anonymous_1)","decl":{"start":{"line":15,"column":12},"end":{"line":15,"column":13}},"loc":{"start":{"line":15,"column":18},"end":{"line":35,"column":3}},"line":15},"2":{"name":"(anonymous_2)","decl":{"start":{"line":16,"column":30},"end":{"line":16,"column":31}},"loc":{"start":{"line":16,"column":42},"end":{"line":33,"column":5}},"line":16},"3":{"name":"(anonymous_3)","decl":{"start":{"line":37,"column":27},"end":{"line":37,"column":28}},"loc":{"start":{"line":37,"column":56},"end":{"line":50,"column":3}},"line":37},"4":{"name":"(anonymous_4)","decl":{"start":{"line":46,"column":39},"end":{"line":46,"column":40}},"loc":{"start":{"line":47,"column":8},"end":{"line":47,"column":65}},"line":47},"5":{"name":"(anonymous_5)","decl":{"start":{"line":79,"column":30},"end":{"line":79,"column":31}},"loc":{"start":{"line":80,"column":14},"end":{"line":105,"column":19}},"line":80},"6":{"name":"(anonymous_6)","decl":{"start":{"line":95,"column":29},"end":{"line":95,"column":30}},"loc":{"start":{"line":95,"column":35},"end":{"line":95,"column":71}},"line":95},"7":{"name":"(anonymous_7)","decl":{"start":{"line":120,"column":21},"end":{"line":120,"column":22}},"loc":{"start":{"line":120,"column":27},"end":{"line":120,"column":44}},"line":120},"8":{"name":"(anonymous_8)","decl":{"start":{"line":127,"column":21},"end":{"line":127,"column":22}},"loc":{"start":{"line":127,"column":27},"end":{"line":127,"column":44}},"line":127},"9":{"name":"(anonymous_9)","decl":{"start":{"line":143,"column":25},"end":{"line":143,"column":26}},"loc":{"start":{"line":143,"column":31},"end":{"line":143,"column":48}},"line":143},"10":{"name":"(anonymous_10)","decl":{"start":{"line":153,"column":25},"end":{"line":153,"column":26}},"loc":{"start":{"line":153,"column":31},"end":{"line":153,"column":48}},"line":153}},"branchMap":{"0":{"loc":{"start":{"line":24,"column":8},"end":{"line":24,"column":31}},"type":"if","locations":[{"start":{"line":24,"column":8},"end":{"line":24,"column":31}},{"start":{},"end":{}}],"line":24},"1":{"loc":{"start":{"line":43,"column":4},"end":{"line":49,"column":5}},"type":"if","locations":[{"start":{"line":43,"column":4},"end":{"line":49,"column":5}},{"start":{"line":45,"column":11},"end":{"line":49,"column":5}}],"line":43},"2":{"loc":{"start":{"line":47,"column":8},"end":{"line":47,"column":65}},"type":"cond-expr","locations":[{"start":{"line":47,"column":25},"end":{"line":47,"column":58}},{"start":{"line":47,"column":61},"end":{"line":47,"column":65}}],"line":47},"3":{"loc":{"start":{"line":52,"column":2},"end":{"line":52,"column":43}},"type":"if","locations":[{"start":{"line":52,"column":2},"end":{"line":52,"column":43}},{"start":{},"end":{}}],"line":52},"4":{"loc":{"start":{"line":53,"column":2},"end":{"line":53,"column":46}},"type":"if","locations":[{"start":{"line":53,"column":2},"end":{"line":53,"column":46}},{"start":{},"end":{}}],"line":53},"5":{"loc":{"start":{"line":97,"column":22},"end":{"line":99,"column":70}},"type":"cond-expr","locations":[{"start":{"line":98,"column":26},"end":{"line":98,"column":66}},{"start":{"line":99,"column":26},"end":{"line":99,"column":70}}],"line":97},"6":{"loc":{"start":{"line":102,"column":21},"end":{"line":102,"column":60}},"type":"cond-expr","locations":[{"start":{"line":102,"column":33},"end":{"line":102,"column":46}},{"start":{"line":102,"column":49},"end":{"line":102,"column":60}}],"line":102},"7":{"loc":{"start":{"line":107,"column":13},"end":{"line":113,"column":13}},"type":"binary-expr","locations":[{"start":{"line":107,"column":13},"end":{"line":107,"column":38}},{"start":{"line":108,"column":14},"end":{"line":112,"column":19}}],"line":107}},"s":{"0":1,"1":1,"2":0,"3":0,"4":0,"5":0,"6":0,"7":0,"8":0,"9":0,"10":0,"11":0,"12":0,"13":0,"14":0,"15":0,"16":0,"17":0,"18":0,"19":0,"20":0,"21":0,"22":0,"23":0,"24":0,"25":0,"26":0,"27":0,"28":0,"29":0,"30":0,"31":0,"32":0,"33":0,"34":0,"35":0},"f":{"0":0,"1":0,"2":0,"3":0,"4":0,"5":0,"6":0,"7":0,"8":0,"9":0,"10":0},"b":{"0":[0,0],"1":[0,0],"2":[0,0],"3":[0,0],"4":[0,0],"5":[0,0],"6":[0,0],"7":[0,0]},"_coverageSchema":"1a1c01bbd47fc00a2c39e90264f33305004495a9","hash":"730564f51fa521cc2f0a2c8e62d500668ac075fb"}
,"/media/becky/fbb95933-6bf3-476c-ad04-81ce8356b618/yenege/zion-website/src/Components/admin/Sidebar.tsx": {"path":"/media/becky/fbb95933-6bf3-476c-ad04-81ce8356b618/yenege/zion-website/src/Components/admin/Sidebar.tsx","statementMap":{"0":{"start":{"line":4,"column":16},"end":{"line":66,"column":1}},"1":{"start":{"line":13,"column":19},"end":{"line":13,"column":32}},"2":{"start":{"line":15,"column":25},"end":{"line":21,"column":3}},"3":{"start":{"line":16,"column":4},"end":{"line":16,"column":24}},"4":{"start":{"line":17,"column":4},"end":{"line":17,"column":14}},"5":{"start":{"line":18,"column":4},"end":{"line":20,"column":5}},"6":{"start":{"line":19,"column":6},"end":{"line":19,"column":31}},"7":{"start":{"line":23,"column":2},"end":{"line":65,"column":4}},"8":{"start":{"line":39,"column":10},"end":{"line":49,"column":19}},"9":{"start":{"line":41,"column":27},"end":{"line":41,"column":49}}},"fnMap":{"0":{"name":"(anonymous_0)","decl":{"start":{"line":4,"column":16},"end":{"line":4,"column":17}},"loc":{"start":{"line":12,"column":6},"end":{"line":66,"column":1}},"line":12},"1":{"name":"(anonymous_1)","decl":{"start":{"line":15,"column":25},"end":{"line":15,"column":26}},"loc":{"start":{"line":15,"column":36},"end":{"line":21,"column":3}},"line":15},"2":{"name":"(anonymous_2)","decl":{"start":{"line":38,"column":18},"end":{"line":38,"column":19}},"loc":{"start":{"line":39,"column":10},"end":{"line":49,"column":19}},"line":39},"3":{"name":"(anonymous_3)","decl":{"start":{"line":41,"column":21},"end":{"line":41,"column":22}},"loc":{"start":{"line":41,"column":27},"end":{"line":41,"column":49}},"line":41}},"branchMap":{"0":{"loc":{"start":{"line":18,"column":4},"end":{"line":20,"column":5}},"type":"if","locations":[{"start":{"line":18,"column":4},"end":{"line":20,"column":5}},{"start":{},"end":{}}],"line":18},"1":{"loc":{"start":{"line":24,"column":139},"end":{"line":24,"column":185}},"type":"cond-expr","locations":[{"start":{"line":24,"column":148},"end":{"line":24,"column":163}},{"start":{"line":24,"column":166},"end":{"line":24,"column":185}}],"line":24},"2":{"loc":{"start":{"line":43,"column":14},"end":{"line":45,"column":51}},"type":"cond-expr","locations":[{"start":{"line":44,"column":18},"end":{"line":44,"column":50}},{"start":{"line":45,"column":18},"end":{"line":45,"column":51}}],"line":43}},"s":{"0":1,"1":1,"2":1,"3":0,"4":0,"5":0,"6":0,"7":1,"8":6,"9":0},"f":{"0":1,"1":0,"2":6,"3":0},"b":{"0":[0,0],"1":[0,1],"2":[1,5]},"_coverageSchema":"1a1c01bbd47fc00a2c39e90264f33305004495a9","hash":"a17b177fdd3861870f5a846201c01f443a74738e"}
,"/media/becky/fbb95933-6bf3-476c-ad04-81ce8356b618/yenege/zion-website/src/Components/admin/SuperAdminManageUserRoutes.tsx": {"path":"/media/becky/fbb95933-6bf3-476c-ad04-81ce8356b618/yenege/zion-website/src/Components/admin/SuperAdminManageUserRoutes.tsx","statementMap":{"0":{"start":{"line":15,"column":24},"end":{"line":22,"column":1}},"1":{"start":{"line":24,"column":16},"end":{"line":35,"column":1}},"2":{"start":{"line":25,"column":19},"end":{"line":29,"column":4}},"3":{"start":{"line":30,"column":2},"end":{"line":33,"column":3}},"4":{"start":{"line":31,"column":22},"end":{"line":31,"column":43}},"5":{"start":{"line":32,"column":4},"end":{"line":32,"column":65}},"6":{"start":{"line":34,"column":2},"end":{"line":34,"column":25}},"7":{"start":{"line":37,"column":45},"end":{"line":184,"column":1}},"8":{"start":{"line":38,"column":22},"end":{"line":38,"column":36}},"9":{"start":{"line":39,"column":52},"end":{"line":42,"column":3}},"10":{"start":{"line":41,"column":22},"end":{"line":41,"column":41}},"11":{"start":{"line":44,"column":44},"end":{"line":44,"column":73}},"12":{"start":{"line":45,"column":46},"end":{"line":45,"column":68}},"13":{"start":{"line":46,"column":38},"end":{"line":46,"column":53}},"14":{"start":{"line":48,"column":26},"end":{"line":51,"column":3}},"15":{"start":{"line":49,"column":4},"end":{"line":49,"column":30}},"16":{"start":{"line":50,"column":4},"end":{"line":50,"column":47}},"17":{"start":{"line":53,"column":27},"end":{"line":56,"column":3}},"18":{"start":{"line":54,"column":4},"end":{"line":54,"column":27}},"19":{"start":{"line":55,"column":4},"end":{"line":55,"column":26}},"20":{"start":{"line":58,"column":28},"end":{"line":64,"column":3}},"21":{"start":{"line":59,"column":4},"end":{"line":63,"column":6}},"22":{"start":{"line":60,"column":6},"end":{"line":62,"column":28}},"23":{"start":{"line":61,"column":28},"end":{"line":61,"column":42}},"24":{"start":{"line":66,"column":29},"end":{"line":93,"column":3}},"25":{"start":{"line":67,"column":4},"end":{"line":67,"column":57}},"26":{"start":{"line":67,"column":50},"end":{"line":67,"column":57}},"27":{"start":{"line":69,"column":4},"end":{"line":69,"column":24}},"28":{"start":{"line":70,"column":4},"end":{"line":92,"column":5}},"29":{"start":{"line":71,"column":23},"end":{"line":78,"column":8}},"30":{"start":{"line":80,"column":6},"end":{"line":83,"column":7}},"31":{"start":{"line":81,"column":26},"end":{"line":81,"column":47}},"32":{"start":{"line":82,"column":8},"end":{"line":82,"column":77}},"33":{"start":{"line":85,"column":6},"end":{"line":85,"column":49}},"34":{"start":{"line":86,"column":6},"end":{"line":86,"column":15}},"35":{"start":{"line":87,"column":6},"end":{"line":87,"column":25}},"36":{"start":{"line":89,"column":6},"end":{"line":89,"column":53}},"37":{"start":{"line":91,"column":6},"end":{"line":91,"column":27}},"38":{"start":{"line":95,"column":2},"end":{"line":95,"column":43}},"39":{"start":{"line":95,"column":17},"end":{"line":95,"column":43}},"40":{"start":{"line":96,"column":2},"end":{"line":96,"column":54}},"41":{"start":{"line":96,"column":13},"end":{"line":96,"column":54}},"42":{"start":{"line":98,"column":2},"end":{"line":183,"column":4}},"43":{"start":{"line":114,"column":14},"end":{"line":177,"column":31}},"44":{"start":{"line":121,"column":26},"end":{"line":121,"column":86}},"45":{"start":{"line":121,"column":52},"end":{"line":121,"column":68}},"46":{"start":{"line":135,"column":39},"end":{"line":135,"column":60}},"47":{"start":{"line":150,"column":28},"end":{"line":161,"column":34}},"48":{"start":{"line":155,"column":48},"end":{"line":155,"column":75}}},"fnMap":{"0":{"name":"(anonymous_0)","decl":{"start":{"line":24,"column":16},"end":{"line":24,"column":17}},"loc":{"start":{"line":24,"column":54},"end":{"line":35,"column":1}},"line":24},"1":{"name":"(anonymous_1)","decl":{"start":{"line":37,"column":45},"end":{"line":37,"column":46}},"loc":{"start":{"line":37,"column":51},"end":{"line":184,"column":1}},"line":37},"2":{"name":"(anonymous_2)","decl":{"start":{"line":41,"column":4},"end":{"line":41,"column":5}},"loc":{"start":{"line":41,"column":22},"end":{"line":41,"column":41}},"line":41},"3":{"name":"(anonymous_3)","decl":{"start":{"line":48,"column":26},"end":{"line":48,"column":27}},"loc":{"start":{"line":48,"column":49},"end":{"line":51,"column":3}},"line":48},"4":{"name":"(anonymous_4)","decl":{"start":{"line":53,"column":27},"end":{"line":53,"column":28}},"loc":{"start":{"line":53,"column":33},"end":{"line":56,"column":3}},"line":53},"5":{"name":"(anonymous_5)","decl":{"start":{"line":58,"column":28},"end":{"line":58,"column":29}},"loc":{"start":{"line":58,"column":49},"end":{"line":64,"column":3}},"line":58},"6":{"name":"(anonymous_6)","decl":{"start":{"line":59,"column":22},"end":{"line":59,"column":23}},"loc":{"start":{"line":60,"column":6},"end":{"line":62,"column":28}},"line":60},"7":{"name":"(anonymous_7)","decl":{"start":{"line":61,"column":22},"end":{"line":61,"column":23}},"loc":{"start":{"line":61,"column":28},"end":{"line":61,"column":42}},"line":61},"8":{"name":"(anonymous_8)","decl":{"start":{"line":66,"column":29},"end":{"line":66,"column":30}},"loc":{"start":{"line":66,"column":41},"end":{"line":93,"column":3}},"line":66},"9":{"name":"(anonymous_9)","decl":{"start":{"line":113,"column":24},"end":{"line":113,"column":25}},"loc":{"start":{"line":114,"column":14},"end":{"line":177,"column":31}},"line":114},"10":{"name":"(anonymous_10)","decl":{"start":{"line":120,"column":46},"end":{"line":120,"column":47}},"loc":{"start":{"line":121,"column":26},"end":{"line":121,"column":86}},"line":121},"11":{"name":"(anonymous_11)","decl":{"start":{"line":121,"column":47},"end":{"line":121,"column":48}},"loc":{"start":{"line":121,"column":52},"end":{"line":121,"column":68}},"line":121},"12":{"name":"(anonymous_12)","decl":{"start":{"line":135,"column":33},"end":{"line":135,"column":34}},"loc":{"start":{"line":135,"column":39},"end":{"line":135,"column":60}},"line":135},"13":{"name":"(anonymous_13)","decl":{"start":{"line":149,"column":47},"end":{"line":149,"column":48}},"loc":{"start":{"line":150,"column":28},"end":{"line":161,"column":34}},"line":150},"14":{"name":"(anonymous_14)","decl":{"start":{"line":155,"column":42},"end":{"line":155,"column":43}},"loc":{"start":{"line":155,"column":48},"end":{"line":155,"column":75}},"line":155}},"branchMap":{"0":{"loc":{"start":{"line":30,"column":2},"end":{"line":33,"column":3}},"type":"if","locations":[{"start":{"line":30,"column":2},"end":{"line":33,"column":3}},{"start":{},"end":{}}],"line":30},"1":{"loc":{"start":{"line":32,"column":20},"end":{"line":32,"column":63}},"type":"binary-expr","locations":[{"start":{"line":32,"column":20},"end":{"line":32,"column":37}},{"start":{"line":32,"column":41},"end":{"line":32,"column":63}}],"line":32},"2":{"loc":{"start":{"line":40,"column":4},"end":{"line":40,"column":88}},"type":"cond-expr","locations":[{"start":{"line":40,"column":28},"end":{"line":40,"column":81}},{"start":{"line":40,"column":84},"end":{"line":40,"column":88}}],"line":40},"3":{"loc":{"start":{"line":50,"column":22},"end":{"line":50,"column":45}},"type":"binary-expr","locations":[{"start":{"line":50,"column":22},"end":{"line":50,"column":39}},{"start":{"line":50,"column":43},"end":{"line":50,"column":45}}],"line":50},"4":{"loc":{"start":{"line":60,"column":6},"end":{"line":62,"column":28}},"type":"cond-expr","locations":[{"start":{"line":61,"column":10},"end":{"line":61,"column":43}},{"start":{"line":62,"column":10},"end":{"line":62,"column":28}}],"line":60},"5":{"loc":{"start":{"line":67,"column":4},"end":{"line":67,"column":57}},"type":"if","locations":[{"start":{"line":67,"column":4},"end":{"line":67,"column":57}},{"start":{},"end":{}}],"line":67},"6":{"loc":{"start":{"line":67,"column":8},"end":{"line":67,"column":48}},"type":"binary-expr","locations":[{"start":{"line":67,"column":8},"end":{"line":67,"column":22}},{"start":{"line":67,"column":26},"end":{"line":67,"column":48}}],"line":67},"7":{"loc":{"start":{"line":80,"column":6},"end":{"line":83,"column":7}},"type":"if","locations":[{"start":{"line":80,"column":6},"end":{"line":83,"column":7}},{"start":{},"end":{}}],"line":80},"8":{"loc":{"start":{"line":82,"column":24},"end":{"line":82,"column":75}},"type":"binary-expr","locations":[{"start":{"line":82,"column":24},"end":{"line":82,"column":41}},{"start":{"line":82,"column":45},"end":{"line":82,"column":75}}],"line":82},"9":{"loc":{"start":{"line":95,"column":2},"end":{"line":95,"column":43}},"type":"if","locations":[{"start":{"line":95,"column":2},"end":{"line":95,"column":43}},{"start":{},"end":{}}],"line":95},"10":{"loc":{"start":{"line":96,"column":2},"end":{"line":96,"column":54}},"type":"if","locations":[{"start":{"line":96,"column":2},"end":{"line":96,"column":54}},{"start":{},"end":{}}],"line":96},"11":{"loc":{"start":{"line":119,"column":21},"end":{"line":123,"column":30}},"type":"cond-expr","locations":[{"start":{"line":120,"column":24},"end":{"line":122,"column":36}},{"start":{"line":123,"column":24},"end":{"line":123,"column":30}}],"line":119},"12":{"loc":{"start":{"line":119,"column":22},"end":{"line":119,"column":71}},"type":"binary-expr","locations":[{"start":{"line":119,"column":22},"end":{"line":119,"column":39}},{"start":{"line":119,"column":43},"end":{"line":119,"column":71}}],"line":119},"13":{"loc":{"start":{"line":121,"column":26},"end":{"line":121,"column":86}},"type":"binary-expr","locations":[{"start":{"line":121,"column":26},"end":{"line":121,"column":75}},{"start":{"line":121,"column":79},"end":{"line":121,"column":86}}],"line":121},"14":{"loc":{"start":{"line":126,"column":21},"end":{"line":140,"column":21}},"type":"cond-expr","locations":[{"start":{"line":127,"column":22},"end":{"line":132,"column":31}},{"start":{"line":134,"column":22},"end":{"line":139,"column":31}}],"line":126},"15":{"loc":{"start":{"line":143,"column":17},"end":{"line":176,"column":17}},"type":"binary-expr","locations":[{"start":{"line":143,"column":17},"end":{"line":143,"column":42}},{"start":{"line":144,"column":18},"end":{"line":175,"column":23}}],"line":143},"16":{"loc":{"start":{"line":168,"column":28},"end":{"line":168,"column":110}},"type":"cond-expr","locations":[{"start":{"line":168,"column":41},"end":{"line":168,"column":74}},{"start":{"line":168,"column":77},"end":{"line":168,"column":110}}],"line":168},"17":{"loc":{"start":{"line":171,"column":27},"end":{"line":171,"column":69}},"type":"cond-expr","locations":[{"start":{"line":171,"column":40},"end":{"line":171,"column":53}},{"start":{"line":171,"column":56},"end":{"line":171,"column":69}}],"line":171}},"s":{"0":1,"1":1,"2":0,"3":0,"4":0,"5":0,"6":0,"7":1,"8":6,"9":6,"10":0,"11":6,"12":6,"13":6,"14":6,"15":1,"16":1,"17":6,"18":1,"19":1,"20":6,"21":1,"22":1,"23":0,"24":6,"25":1,"26":0,"27":1,"28":1,"29":1,"30":1,"31":0,"32":0,"33":1,"34":1,"35":1,"36":0,"37":1,"38":6,"39":0,"40":6,"41":0,"42":6,"43":18,"44":18,"45":36,"46":1,"47":18,"48":1},"f":{"0":0,"1":6,"2":0,"3":1,"4":1,"5":1,"6":1,"7":0,"8":1,"9":18,"10":18,"11":36,"12":1,"13":18,"14":1},"b":{"0":[0,0],"1":[0,0],"2":[6,0],"3":[1,0],"4":[0,1],"5":[0,1],"6":[1,1],"7":[0,1],"8":[0,0],"9":[0,6],"10":[0,6],"11":[12,6],"12":[18,18],"13":[18,0],"14":[3,15],"15":[18,3],"16":[1,2],"17":[1,2]},"_coverageSchema":"1a1c01bbd47fc00a2c39e90264f33305004495a9","hash":"6ffad4115ef94516c5a3bd3301858b69b9575fe6"}
,"/media/becky/fbb95933-6bf3-476c-ad04-81ce8356b618/yenege/zion-website/src/Components/admin/WinnerList.tsx": {"path":"/media/becky/fbb95933-6bf3-476c-ad04-81ce8356b618/yenege/zion-website/src/Components/admin/WinnerList.tsx","statementMap":{"0":{"start":{"line":4,"column":23},"end":{"line":4,"column":25}},"1":{"start":{"line":6,"column":19},"end":{"line":165,"column":1}},"2":{"start":{"line":7,"column":44},"end":{"line":7,"column":56}},"3":{"start":{"line":8,"column":30},"end":{"line":8,"column":44}},"4":{"start":{"line":9,"column":28},"end":{"line":9,"column":39}},"5":{"start":{"line":11,"column":4},"end":{"line":13,"column":11}},"6":{"start":{"line":12,"column":8},"end":{"line":12,"column":28}},"7":{"start":{"line":15,"column":30},"end":{"line":40,"column":5}},"8":{"start":{"line":16,"column":8},"end":{"line":39,"column":9}},"9":{"start":{"line":17,"column":26},"end":{"line":17,"column":71}},"10":{"start":{"line":18,"column":12},"end":{"line":21,"column":13}},"11":{"start":{"line":19,"column":16},"end":{"line":19,"column":70}},"12":{"start":{"line":20,"column":16},"end":{"line":20,"column":23}},"13":{"start":{"line":23,"column":29},"end":{"line":28,"column":14}},"14":{"start":{"line":30,"column":12},"end":{"line":33,"column":13}},"15":{"start":{"line":31,"column":34},"end":{"line":31,"column":55}},"16":{"start":{"line":32,"column":16},"end":{"line":32,"column":92}},"17":{"start":{"line":35,"column":25},"end":{"line":35,"column":46}},"18":{"start":{"line":36,"column":12},"end":{"line":36,"column":34}},"19":{"start":{"line":38,"column":12},"end":{"line":38,"column":70}},"20":{"start":{"line":42,"column":26},"end":{"line":48,"column":5}},"21":{"start":{"line":43,"column":8},"end":{"line":47,"column":10}},"22":{"start":{"line":50,"column":23},"end":{"line":50,"column":70}},"23":{"start":{"line":51,"column":34},"end":{"line":51,"column":104}},"24":{"start":{"line":53,"column":4},"end":{"line":164,"column":6}},"25":{"start":{"line":80,"column":36},"end":{"line":100,"column":41}},"26":{"start":{"line":115,"column":47},"end":{"line":115,"column":64}},"27":{"start":{"line":122,"column":47},"end":{"line":122,"column":64}},"28":{"start":{"line":138,"column":55},"end":{"line":138,"column":72}},"29":{"start":{"line":148,"column":55},"end":{"line":148,"column":72}}},"fnMap":{"0":{"name":"(anonymous_0)","decl":{"start":{"line":6,"column":19},"end":{"line":6,"column":20}},"loc":{"start":{"line":6,"column":25},"end":{"line":165,"column":1}},"line":6},"1":{"name":"(anonymous_1)","decl":{"start":{"line":11,"column":14},"end":{"line":11,"column":15}},"loc":{"start":{"line":11,"column":20},"end":{"line":13,"column":5}},"line":11},"2":{"name":"(anonymous_2)","decl":{"start":{"line":15,"column":30},"end":{"line":15,"column":31}},"loc":{"start":{"line":15,"column":42},"end":{"line":40,"column":5}},"line":15},"3":{"name":"(anonymous_3)","decl":{"start":{"line":42,"column":26},"end":{"line":42,"column":27}},"loc":{"start":{"line":42,"column":37},"end":{"line":48,"column":5}},"line":42},"4":{"name":"(anonymous_4)","decl":{"start":{"line":79,"column":59},"end":{"line":79,"column":60}},"loc":{"start":{"line":80,"column":36},"end":{"line":100,"column":41}},"line":80},"5":{"name":"(anonymous_5)","decl":{"start":{"line":115,"column":41},"end":{"line":115,"column":42}},"loc":{"start":{"line":115,"column":47},"end":{"line":115,"column":64}},"line":115},"6":{"name":"(anonymous_6)","decl":{"start":{"line":122,"column":41},"end":{"line":122,"column":42}},"loc":{"start":{"line":122,"column":47},"end":{"line":122,"column":64}},"line":122},"7":{"name":"(anonymous_7)","decl":{"start":{"line":138,"column":49},"end":{"line":138,"column":50}},"loc":{"start":{"line":138,"column":55},"end":{"line":138,"column":72}},"line":138},"8":{"name":"(anonymous_8)","decl":{"start":{"line":148,"column":49},"end":{"line":148,"column":50}},"loc":{"start":{"line":148,"column":55},"end":{"line":148,"column":72}},"line":148}},"branchMap":{"0":{"loc":{"start":{"line":18,"column":12},"end":{"line":21,"column":13}},"type":"if","locations":[{"start":{"line":18,"column":12},"end":{"line":21,"column":13}},{"start":{},"end":{}}],"line":18},"1":{"loc":{"start":{"line":30,"column":12},"end":{"line":33,"column":13}},"type":"if","locations":[{"start":{"line":30,"column":12},"end":{"line":33,"column":13}},{"start":{},"end":{}}],"line":30},"2":{"loc":{"start":{"line":32,"column":32},"end":{"line":32,"column":90}},"type":"binary-expr","locations":[{"start":{"line":32,"column":32},"end":{"line":32,"column":47}},{"start":{"line":32,"column":51},"end":{"line":32,"column":90}}],"line":32},"3":{"loc":{"start":{"line":43,"column":15},"end":{"line":47,"column":9}},"type":"cond-expr","locations":[{"start":{"line":44,"column":12},"end":{"line":44,"column":102}},{"start":{"line":46,"column":12},"end":{"line":46,"column":97}}],"line":43},"4":{"loc":{"start":{"line":58,"column":17},"end":{"line":62,"column":17}},"type":"binary-expr","locations":[{"start":{"line":58,"column":17},"end":{"line":58,"column":22}},{"start":{"line":59,"column":20},"end":{"line":61,"column":26}}],"line":58},"5":{"loc":{"start":{"line":102,"column":33},"end":{"line":108,"column":33}},"type":"binary-expr","locations":[{"start":{"line":102,"column":33},"end":{"line":102,"column":58}},{"start":{"line":103,"column":36},"end":{"line":107,"column":41}}],"line":102}},"s":{"0":1,"1":1,"2":0,"3":0,"4":0,"5":0,"6":0,"7":0,"8":0,"9":0,"10":0,"11":0,"12":0,"13":0,"14":0,"15":0,"16":0,"17":0,"18":0,"19":0,"20":0,"21":0,"22":0,"23":0,"24":0,"25":0,"26":0,"27":0,"28":0,"29":0},"f":{"0":0,"1":0,"2":0,"3":0,"4":0,"5":0,"6":0,"7":0,"8":0},"b":{"0":[0,0],"1":[0,0],"2":[0,0],"3":[0,0],"4":[0,0],"5":[0,0]},"_coverageSchema":"1a1c01bbd47fc00a2c39e90264f33305004495a9","hash":"f4b87634a4c4c9dd1407c96f94d298a69930a722"}
,"/media/becky/fbb95933-6bf3-476c-ad04-81ce8356b618/yenege/zion-website/src/Components/utility/Error.tsx": {"path":"/media/becky/fbb95933-6bf3-476c-ad04-81ce8356b618/yenege/zion-website/src/Components/utility/Error.tsx","statementMap":{"0":{"start":{"line":4,"column":14},"end":{"line":9,"column":1}},"1":{"start":{"line":5,"column":2},"end":{"line":8,"column":8}}},"fnMap":{"0":{"name":"(anonymous_0)","decl":{"start":{"line":4,"column":14},"end":{"line":4,"column":15}},"loc":{"start":{"line":5,"column":2},"end":{"line":8,"column":8}},"line":5}},"branchMap":{},"s":{"0":2,"1":0},"f":{"0":0},"b":{},"_coverageSchema":"1a1c01bbd47fc00a2c39e90264f33305004495a9","hash":"d5206ca6433b26106eb6be57f6d833c6d49e9fae"}
,"/media/becky/fbb95933-6bf3-476c-ad04-81ce8356b618/yenege/zion-website/src/Components/utility/LoadingSpinner.tsx": {"path":"/media/becky/fbb95933-6bf3-476c-ad04-81ce8356b618/yenege/zion-website/src/Components/utility/LoadingSpinner.tsx","statementMap":{"0":{"start":{"line":5,"column":23},"end":{"line":92,"column":1}},"1":{"start":{"line":6,"column":2},"end":{"line":91,"column":8}},"2":{"start":{"line":68,"column":8},"end":{"line":88,"column":10}}},"fnMap":{"0":{"name":"(anonymous_0)","decl":{"start":{"line":5,"column":23},"end":{"line":5,"column":24}},"loc":{"start":{"line":6,"column":2},"end":{"line":91,"column":8}},"line":6},"1":{"name":"(anonymous_1)","decl":{"start":{"line":67,"column":26},"end":{"line":67,"column":27}},"loc":{"start":{"line":68,"column":8},"end":{"line":88,"column":10}},"line":68}},"branchMap":{},"s":{"0":2,"1":0,"2":0},"f":{"0":0,"1":0},"b":{},"_coverageSchema":"1a1c01bbd47fc00a2c39e90264f33305004495a9","hash":"659b25266173cd64a3eb5de01403704ebad3bac6"}
,"/media/becky/fbb95933-6bf3-476c-ad04-81ce8356b618/yenege/zion-website/src/Components/utility/PlayerIdGenerator.tsx": {"path":"/media/becky/fbb95933-6bf3-476c-ad04-81ce8356b618/yenege/zion-website/src/Components/utility/PlayerIdGenerator.tsx","statementMap":{"0":{"start":{"line":3,"column":36},"end":{"line":10,"column":1}},"1":{"start":{"line":4,"column":2},"end":{"line":9,"column":4}}},"fnMap":{"0":{"name":"(anonymous_0)","decl":{"start":{"line":3,"column":36},"end":{"line":3,"column":37}},"loc":{"start":{"line":3,"column":42},"end":{"line":10,"column":1}},"line":3}},"branchMap":{},"s":{"0":1,"1":0},"f":{"0":0},"b":{},"_coverageSchema":"1a1c01bbd47fc00a2c39e90264f33305004495a9","hash":"7139296fc08971ef23f5c71017ef5c2a96259b58"}
,"/media/becky/fbb95933-6bf3-476c-ad04-81ce8356b618/yenege/zion-website/src/services/api.ts": {"path":"/media/becky/fbb95933-6bf3-476c-ad04-81ce8356b618/yenege/zion-website/src/services/api.ts","statementMap":{"0":{"start":{"line":1,"column":28},"end":{"line":1,"column":55}}},"fnMap":{},"branchMap":{},"s":{"0":2},"f":{},"b":{},"_coverageSchema":"1a1c01bbd47fc00a2c39e90264f33305004495a9","hash":"5a10c5578589906496f788832e52ca74e08f9d51"}
,"/media/becky/fbb95933-6bf3-476c-ad04-81ce8356b618/yenege/zion-website/src/utils/safeStorage.js": {"path":"/media/becky/fbb95933-6bf3-476c-ad04-81ce8356b618/yenege/zion-website/src/utils/safeStorage.js","statementMap":{"0":{"start":{"line":3,"column":4},"end":{"line":3,"column":33}},"1":{"start":{"line":7,"column":4},"end":{"line":12,"column":5}},"2":{"start":{"line":8,"column":20},"end":{"line":8,"column":45}},"3":{"start":{"line":9,"column":6},"end":{"line":9,"column":46}},"4":{"start":{"line":11,"column":6},"end":{"line":11,"column":39}},"5":{"start":{"line":16,"column":4},"end":{"line":20,"column":5}},"6":{"start":{"line":17,"column":6},"end":{"line":17,"column":55}},"7":{"start":{"line":19,"column":6},"end":{"line":19,"column":39}},"8":{"start":{"line":24,"column":4},"end":{"line":28,"column":5}},"9":{"start":{"line":25,"column":6},"end":{"line":25,"column":35}},"10":{"start":{"line":27,"column":6},"end":{"line":27,"column":35}},"11":{"start":{"line":32,"column":4},"end":{"line":36,"column":5}},"12":{"start":{"line":33,"column":6},"end":{"line":33,"column":27}},"13":{"start":{"line":35,"column":6},"end":{"line":35,"column":31}}},"fnMap":{"0":{"name":"(anonymous_0)","decl":{"start":{"line":2,"column":2},"end":{"line":2,"column":3}},"loc":{"start":{"line":2,"column":16},"end":{"line":4,"column":3}},"line":2},"1":{"name":"(anonymous_1)","decl":{"start":{"line":6,"column":2},"end":{"line":6,"column":3}},"loc":{"start":{"line":6,"column":15},"end":{"line":13,"column":3}},"line":6},"2":{"name":"(anonymous_2)","decl":{"start":{"line":15,"column":2},"end":{"line":15,"column":3}},"loc":{"start":{"line":15,"column":22},"end":{"line":21,"column":3}},"line":15},"3":{"name":"(anonymous_3)","decl":{"start":{"line":23,"column":2},"end":{"line":23,"column":3}},"loc":{"start":{"line":23,"column":18},"end":{"line":29,"column":3}},"line":23},"4":{"name":"(anonymous_4)","decl":{"start":{"line":31,"column":2},"end":{"line":31,"column":3}},"loc":{"start":{"line":31,"column":10},"end":{"line":37,"column":3}},"line":31}},"branchMap":{"0":{"loc":{"start":{"line":9,"column":13},"end":{"line":9,"column":45}},"type":"cond-expr","locations":[{"start":{"line":9,"column":21},"end":{"line":9,"column":38}},{"start":{"line":9,"column":41},"end":{"line":9,"column":45}}],"line":9}},"s":{"0":6,"1":7,"2":7,"3":7,"4":0,"5":7,"6":7,"7":0,"8":1,"9":1,"10":0,"11":1,"12":1,"13":0},"f":{"0":6,"1":7,"2":7,"3":1,"4":1},"b":{"0":[4,3]},"_coverageSchema":"1a1c01bbd47fc00a2c39e90264f33305004495a9","hash":"149b853812b7dc4c4ffa7b517d083f373cf57443"}
}
