TN:
SF:src/Components/admin/AdminPanel.tsx
FN:33,(anonymous_0)
FN:48,(anonymous_1)
FN:56,(anonymous_2)
FN:61,(anonymous_3)
FN:64,(anonymous_4)
FN:72,(anonymous_5)
FN:77,(anonymous_6)
FN:93,(anonymous_7)
FN:98,(anonymous_8)
FN:111,(anonymous_9)
FN:137,(anonymous_10)
FN:156,(anonymous_11)
FNF:12
FNH:4
FNDA:0,(anonymous_0)
FNDA:1,(anonymous_1)
FNDA:0,(anonymous_2)
FNDA:0,(anonymous_3)
FNDA:1,(anonymous_4)
FNDA:0,(anonymous_5)
FNDA:7,(anonymous_6)
FNDA:6,(anonymous_7)
FNDA:0,(anonymous_8)
FNDA:0,(anonymous_9)
FNDA:0,(anonymous_10)
FNDA:0,(anonymous_11)
DA:33,1
DA:34,0
DA:40,0
DA:41,0
DA:42,0
DA:45,0
DA:48,1
DA:49,1
DA:50,1
DA:51,1
DA:52,1
DA:54,1
DA:56,0
DA:59,1
DA:61,0
DA:64,1
DA:65,1
DA:66,1
DA:67,0
DA:72,1
DA:73,0
DA:74,0
DA:77,1
DA:78,7
DA:81,1
DA:83,1
DA:85,1
DA:93,6
DA:95,1
DA:98,0
DA:111,0
DA:138,0
DA:157,0
LF:33
LH:19
BRDA:40,0,0,0
BRDA:40,0,1,0
BRDA:42,1,0,0
BRDA:42,1,1,0
BRDA:55,2,0,1
BRDA:55,2,1,0
BRDA:60,3,0,1
BRDA:60,3,1,0
BRDA:65,4,0,1
BRDA:65,4,1,0
BRDA:66,5,0,0
BRDA:66,5,1,1
BRDA:66,6,0,1
BRDA:66,6,1,1
BRDA:66,6,2,0
BRDA:78,7,0,7
BRDA:78,7,1,7
BRDA:78,7,2,7
BRDA:81,8,0,0
BRDA:81,8,1,1
BRDA:81,9,0,1
BRDA:81,9,1,1
BRDA:81,9,2,1
BRDA:83,10,0,0
BRDA:83,10,1,1
BRDA:83,11,0,1
BRDA:83,11,1,1
BRDA:83,12,0,0
BRDA:83,12,1,0
BRDA:83,12,2,0
BRDA:92,13,0,0
BRDA:92,13,1,1
BRDA:93,14,0,6
BRDA:93,14,1,6
BRDA:123,15,0,1
BRDA:123,15,1,1
BRDA:123,15,2,1
BRDA:123,15,3,1
BRDA:145,16,0,0
BRDA:145,16,1,1
BRDA:157,17,0,0
BRDA:157,17,1,0
BRDA:171,18,0,1
BRDA:171,18,1,0
BRDA:171,18,2,0
BRDA:172,19,0,1
BRDA:172,19,1,0
BRDA:172,19,2,0
BRDA:173,20,0,1
BRDA:173,20,1,0
BRDA:173,20,2,0
BRDA:174,21,0,1
BRDA:174,21,1,0
BRDA:174,21,2,0
BRDA:175,22,0,1
BRDA:175,22,1,0
BRDA:175,22,2,0
BRF:57
BRH:29
end_of_record
TN:
SF:src/Components/admin/CafeOwnerManagement.tsx
FN:4,(anonymous_0)
FN:14,(anonymous_1)
FN:21,(anonymous_2)
FN:25,(anonymous_3)
FN:39,(anonymous_4)
FN:89,(anonymous_5)
FN:100,(anonymous_6)
FN:142,(anonymous_7)
FNF:8
FNH:0
FNDA:0,(anonymous_0)
FNDA:0,(anonymous_1)
FNDA:0,(anonymous_2)
FNDA:0,(anonymous_3)
FNDA:0,(anonymous_4)
FNDA:0,(anonymous_5)
FNDA:0,(anonymous_6)
FNDA:0,(anonymous_7)
DA:4,1
DA:5,0
DA:6,0
DA:7,0
DA:8,0
DA:9,0
DA:11,0
DA:14,1
DA:15,0
DA:16,0
DA:17,0
DA:18,0
DA:19,0
DA:21,0
DA:22,0
DA:25,0
DA:26,0
DA:27,0
DA:32,0
DA:33,0
DA:35,0
DA:39,0
DA:40,0
DA:41,0
DA:42,0
DA:44,0
DA:46,0
DA:52,0
DA:53,0
DA:54,0
DA:56,0
DA:57,0
DA:61,0
DA:63,0
DA:64,0
DA:65,0
DA:66,0
DA:68,0
DA:72,0
DA:89,0
DA:100,0
DA:143,0
LF:42
LH:2
BRDA:32,0,0,0
BRDA:32,0,1,0
BRDA:52,1,0,0
BRDA:52,1,1,0
BRDA:61,2,0,0
BRDA:61,2,1,0
BRDA:115,3,0,0
BRDA:115,3,1,0
BRDA:120,4,0,0
BRDA:120,4,1,0
BRDA:151,5,0,0
BRDA:151,5,1,0
BRF:12
BRH:0
end_of_record
TN:
SF:src/Components/admin/CertificatesTable.tsx
FN:8,(anonymous_0)
FN:15,(anonymous_1)
FN:16,(anonymous_2)
FN:37,(anonymous_3)
FN:46,(anonymous_4)
FN:79,(anonymous_5)
FN:95,(anonymous_6)
FN:120,(anonymous_7)
FN:127,(anonymous_8)
FN:143,(anonymous_9)
FN:153,(anonymous_10)
FNF:11
FNH:0
FNDA:0,(anonymous_0)
FNDA:0,(anonymous_1)
FNDA:0,(anonymous_2)
FNDA:0,(anonymous_3)
FNDA:0,(anonymous_4)
FNDA:0,(anonymous_5)
FNDA:0,(anonymous_6)
FNDA:0,(anonymous_7)
FNDA:0,(anonymous_8)
FNDA:0,(anonymous_9)
FNDA:0,(anonymous_10)
DA:6,1
DA:8,1
DA:9,0
DA:10,0
DA:11,0
DA:12,0
DA:13,0
DA:15,0
DA:16,0
DA:17,0
DA:18,0
DA:19,0
DA:24,0
DA:26,0
DA:27,0
DA:29,0
DA:31,0
DA:34,0
DA:37,0
DA:38,0
DA:43,0
DA:44,0
DA:46,0
DA:47,0
DA:52,0
DA:53,0
DA:55,0
DA:80,0
DA:95,0
DA:120,0
DA:127,0
DA:143,0
DA:153,0
LF:33
LH:2
BRDA:24,0,0,0
BRDA:24,0,1,0
BRDA:43,1,0,0
BRDA:43,1,1,0
BRDA:47,2,0,0
BRDA:47,2,1,0
BRDA:52,3,0,0
BRDA:52,3,1,0
BRDA:53,4,0,0
BRDA:53,4,1,0
BRDA:97,5,0,0
BRDA:97,5,1,0
BRDA:102,6,0,0
BRDA:102,6,1,0
BRDA:107,7,0,0
BRDA:107,7,1,0
BRF:16
BRH:0
end_of_record
TN:
SF:src/Components/admin/Sidebar.tsx
FN:4,(anonymous_0)
FN:15,(anonymous_1)
FN:38,(anonymous_2)
FN:41,(anonymous_3)
FNF:4
FNH:2
FNDA:1,(anonymous_0)
FNDA:0,(anonymous_1)
FNDA:6,(anonymous_2)
FNDA:0,(anonymous_3)
DA:4,1
DA:13,1
DA:15,1
DA:16,0
DA:17,0
DA:18,0
DA:19,0
DA:23,1
DA:39,6
DA:41,0
LF:10
LH:5
BRDA:18,0,0,0
BRDA:18,0,1,0
BRDA:24,1,0,0
BRDA:24,1,1,1
BRDA:43,2,0,1
BRDA:43,2,1,5
BRF:6
BRH:3
end_of_record
TN:
SF:src/Components/admin/SuperAdminManageUserRoutes.tsx
FN:24,(anonymous_0)
FN:37,(anonymous_1)
FN:41,(anonymous_2)
FN:48,(anonymous_3)
FN:53,(anonymous_4)
FN:58,(anonymous_5)
FN:59,(anonymous_6)
FN:61,(anonymous_7)
FN:66,(anonymous_8)
FN:113,(anonymous_9)
FN:120,(anonymous_10)
FN:121,(anonymous_11)
FN:135,(anonymous_12)
FN:149,(anonymous_13)
FN:155,(anonymous_14)
FNF:15
FNH:12
FNDA:0,(anonymous_0)
FNDA:6,(anonymous_1)
FNDA:0,(anonymous_2)
FNDA:1,(anonymous_3)
FNDA:1,(anonymous_4)
FNDA:1,(anonymous_5)
FNDA:1,(anonymous_6)
FNDA:0,(anonymous_7)
FNDA:1,(anonymous_8)
FNDA:18,(anonymous_9)
FNDA:18,(anonymous_10)
FNDA:36,(anonymous_11)
FNDA:1,(anonymous_12)
FNDA:18,(anonymous_13)
FNDA:1,(anonymous_14)
DA:15,1
DA:24,1
DA:25,0
DA:30,0
DA:31,0
DA:32,0
DA:34,0
DA:37,1
DA:38,6
DA:39,6
DA:41,0
DA:44,6
DA:45,6
DA:46,6
DA:48,6
DA:49,1
DA:50,1
DA:53,6
DA:54,1
DA:55,1
DA:58,6
DA:59,1
DA:60,1
DA:61,0
DA:66,6
DA:67,1
DA:69,1
DA:70,1
DA:71,1
DA:80,1
DA:81,0
DA:82,0
DA:85,1
DA:86,1
DA:87,1
DA:89,0
DA:91,1
DA:95,6
DA:96,6
DA:98,6
DA:114,18
DA:121,36
DA:135,1
DA:150,18
DA:155,1
LF:45
LH:35
BRDA:30,0,0,0
BRDA:30,0,1,0
BRDA:32,1,0,0
BRDA:32,1,1,0
BRDA:40,2,0,6
BRDA:40,2,1,0
BRDA:50,3,0,1
BRDA:50,3,1,0
BRDA:60,4,0,0
BRDA:60,4,1,1
BRDA:67,5,0,0
BRDA:67,5,1,1
BRDA:67,6,0,1
BRDA:67,6,1,1
BRDA:80,7,0,0
BRDA:80,7,1,1
BRDA:82,8,0,0
BRDA:82,8,1,0
BRDA:95,9,0,0
BRDA:95,9,1,6
BRDA:96,10,0,0
BRDA:96,10,1,6
BRDA:119,11,0,12
BRDA:119,11,1,6
BRDA:119,12,0,18
BRDA:119,12,1,18
BRDA:121,13,0,18
BRDA:121,13,1,0
BRDA:126,14,0,3
BRDA:126,14,1,15
BRDA:143,15,0,18
BRDA:143,15,1,3
BRDA:168,16,0,1
BRDA:168,16,1,2
BRDA:171,17,0,1
BRDA:171,17,1,2
BRF:36
BRH:22
end_of_record
TN:
SF:src/Components/admin/WinnerList.tsx
FN:6,(anonymous_0)
FN:11,(anonymous_1)
FN:15,(anonymous_2)
FN:42,(anonymous_3)
FN:79,(anonymous_4)
FN:115,(anonymous_5)
FN:122,(anonymous_6)
FN:138,(anonymous_7)
FN:148,(anonymous_8)
FNF:9
FNH:0
FNDA:0,(anonymous_0)
FNDA:0,(anonymous_1)
FNDA:0,(anonymous_2)
FNDA:0,(anonymous_3)
FNDA:0,(anonymous_4)
FNDA:0,(anonymous_5)
FNDA:0,(anonymous_6)
FNDA:0,(anonymous_7)
FNDA:0,(anonymous_8)
DA:4,1
DA:6,1
DA:7,0
DA:8,0
DA:9,0
DA:11,0
DA:12,0
DA:15,0
DA:16,0
DA:17,0
DA:18,0
DA:19,0
DA:20,0
DA:23,0
DA:30,0
DA:31,0
DA:32,0
DA:35,0
DA:36,0
DA:38,0
DA:42,0
DA:43,0
DA:50,0
DA:51,0
DA:53,0
DA:80,0
DA:115,0
DA:122,0
DA:138,0
DA:148,0
LF:30
LH:2
BRDA:18,0,0,0
BRDA:18,0,1,0
BRDA:30,1,0,0
BRDA:30,1,1,0
BRDA:32,2,0,0
BRDA:32,2,1,0
BRDA:43,3,0,0
BRDA:43,3,1,0
BRDA:58,4,0,0
BRDA:58,4,1,0
BRDA:102,5,0,0
BRDA:102,5,1,0
BRF:12
BRH:0
end_of_record
TN:
SF:src/Components/utility/Error.tsx
FN:4,(anonymous_0)
FNF:1
FNH:0
FNDA:0,(anonymous_0)
DA:4,2
DA:5,0
LF:2
LH:1
BRF:0
BRH:0
end_of_record
TN:
SF:src/Components/utility/LoadingSpinner.tsx
FN:5,(anonymous_0)
FN:67,(anonymous_1)
FNF:2
FNH:0
FNDA:0,(anonymous_0)
FNDA:0,(anonymous_1)
DA:5,2
DA:6,0
DA:68,0
LF:3
LH:1
BRF:0
BRH:0
end_of_record
TN:
SF:src/Components/utility/PlayerIdGenerator.tsx
FN:3,(anonymous_0)
FNF:1
FNH:0
FNDA:0,(anonymous_0)
DA:3,1
DA:4,0
LF:2
LH:1
BRF:0
BRH:0
end_of_record
TN:
SF:src/services/api.ts
FNF:0
FNH:0
DA:1,2
LF:1
LH:1
BRF:0
BRH:0
end_of_record
TN:
SF:src/utils/safeStorage.js
FN:2,(anonymous_0)
FN:6,(anonymous_1)
FN:15,(anonymous_2)
FN:23,(anonymous_3)
FN:31,(anonymous_4)
FNF:5
FNH:5
FNDA:6,(anonymous_0)
FNDA:7,(anonymous_1)
FNDA:7,(anonymous_2)
FNDA:1,(anonymous_3)
FNDA:1,(anonymous_4)
DA:3,6
DA:7,7
DA:8,7
DA:9,7
DA:11,0
DA:16,7
DA:17,7
DA:19,0
DA:24,1
DA:25,1
DA:27,0
DA:32,1
DA:33,1
DA:35,0
LF:14
LH:10
BRDA:9,0,0,4
BRDA:9,0,1,3
BRF:2
BRH:2
end_of_record
